TN:
SF:src\app.js
FN:22,(anonymous_0)
FN:31,(anonymous_1)
FNF:2
FNH:2
FNDA:3,(anonymous_0)
FNDA:1,(anonymous_1)
DA:1,1
DA:2,1
DA:5,1
DA:6,1
DA:7,1
DA:10,1
DA:13,1
DA:14,1
DA:15,1
DA:16,1
DA:19,1
DA:22,1
DA:23,3
DA:31,1
DA:32,1
DA:41,1
DA:43,1
LF:17
LH:17
BRF:0
BRH:0
end_of_record
TN:
SF:src\controllers\recipeController.js
FN:5,(anonymous_0)
FN:15,(anonymous_1)
FN:26,(anonymous_2)
FN:37,(anonymous_3)
FN:48,(anonymous_4)
FNF:5
FNH:5
FNDA:2,(anonymous_0)
FNDA:3,(anonymous_1)
FNDA:6,(anonymous_2)
FNDA:3,(anonymous_3)
FNDA:3,(anonymous_4)
DA:1,2
DA:6,2
DA:7,2
DA:8,1
DA:10,1
DA:16,3
DA:18,3
DA:19,1
DA:21,2
DA:27,6
DA:29,6
DA:30,4
DA:32,2
DA:38,3
DA:40,3
DA:41,1
DA:43,2
DA:49,3
DA:51,3
DA:52,1
DA:54,2
DA:59,2
LF:22
LH:22
BRF:0
BRH:0
end_of_record
TN:
SF:src\middleware\cors.js
FN:2,(anonymous_0)
FNF:1
FNH:1
FNDA:12,(anonymous_0)
DA:2,1
DA:4,12
DA:7,12
DA:10,12
DA:13,12
DA:14,1
DA:16,11
DA:20,1
LF:8
LH:8
BRDA:13,0,0,1
BRDA:13,0,1,11
BRF:2
BRH:2
end_of_record
TN:
SF:src\middleware\errorHandler.js
FN:2,(anonymous_0)
FNF:1
FNH:1
FNDA:1,(anonymous_0)
DA:2,1
DA:4,1
DA:5,0
DA:9,1
DA:10,1
DA:13,1
DA:15,1
DA:16,1
DA:17,0
DA:18,0
DA:19,0
DA:20,0
DA:21,0
DA:22,0
DA:23,0
DA:24,0
DA:25,0
DA:29,1
DA:38,1
LF:19
LH:9
BRDA:4,0,0,0
BRDA:4,0,1,1
BRDA:13,1,0,1
BRDA:13,1,1,0
BRDA:17,2,0,0
BRDA:17,2,1,0
BRDA:20,3,0,0
BRDA:20,3,1,0
BRDA:20,4,0,0
BRDA:20,4,1,0
BRDA:23,5,0,0
BRDA:23,5,1,0
BRDA:32,6,0,0
BRDA:32,6,1,1
BRDA:32,7,0,1
BRDA:32,7,1,0
BRF:16
BRH:4
end_of_record
TN:
SF:src\middleware\logger.js
FN:2,(anonymous_0)
FN:21,(anonymous_1)
FNF:2
FNH:2
FNDA:10,(anonymous_0)
FNDA:10,(anonymous_1)
DA:2,1
DA:3,10
DA:4,10
DA:5,10
DA:6,10
DA:9,10
DA:12,10
DA:13,5
DA:17,10
DA:20,10
DA:21,10
DA:22,10
DA:23,10
DA:26,10
DA:27,0
DA:30,10
DA:33,10
DA:36,1
LF:18
LH:17
BRDA:6,0,0,10
BRDA:6,0,1,10
BRDA:12,1,0,5
BRDA:12,1,1,5
BRDA:12,2,0,10
BRDA:12,2,1,5
BRDA:26,3,0,0
BRDA:26,3,1,10
BRF:8
BRH:7
end_of_record
TN:
SF:src\middleware\validation.js
FN:2,(anonymous_0)
FN:77,(anonymous_1)
FNF:2
FNH:2
FNDA:5,(anonymous_0)
FNDA:1,(anonymous_1)
DA:2,1
DA:3,5
DA:4,5
DA:7,5
DA:8,2
DA:12,5
DA:13,2
DA:14,3
DA:16,0
DA:17,0
DA:18,0
DA:19,0
DA:22,0
DA:24,0
DA:26,3
DA:27,0
DA:31,5
DA:32,2
DA:33,3
DA:35,0
DA:36,0
DA:37,0
DA:38,0
DA:41,0
DA:43,0
DA:45,3
DA:46,0
DA:50,5
DA:51,0
DA:54,5
DA:55,0
DA:58,5
DA:59,0
DA:63,5
DA:64,2
DA:73,3
DA:77,1
DA:78,1
DA:81,1
DA:82,1
DA:91,0
DA:92,0
DA:95,1
LF:43
LH:24
BRDA:7,0,0,2
BRDA:7,0,1,3
BRDA:7,1,0,5
BRDA:7,1,1,3
BRDA:12,2,0,2
BRDA:12,2,1,3
BRDA:14,3,0,0
BRDA:14,3,1,3
BRDA:18,4,0,0
BRDA:18,4,1,0
BRDA:18,5,0,0
BRDA:18,5,1,0
BRDA:26,6,0,0
BRDA:26,6,1,3
BRDA:26,7,0,3
BRDA:26,7,1,3
BRDA:31,8,0,2
BRDA:31,8,1,3
BRDA:33,9,0,0
BRDA:33,9,1,3
BRDA:37,10,0,0
BRDA:37,10,1,0
BRDA:37,11,0,0
BRDA:37,11,1,0
BRDA:45,12,0,0
BRDA:45,12,1,3
BRDA:45,13,0,3
BRDA:45,13,1,3
BRDA:50,14,0,0
BRDA:50,14,1,5
BRDA:50,15,0,5
BRDA:50,15,1,3
BRDA:54,16,0,0
BRDA:54,16,1,5
BRDA:54,17,0,5
BRDA:54,17,1,3
BRDA:54,17,2,3
BRDA:58,18,0,0
BRDA:58,18,1,5
BRDA:58,19,0,5
BRDA:58,19,1,3
BRDA:58,19,2,3
BRDA:63,20,0,2
BRDA:63,20,1,3
BRDA:81,21,0,1
BRDA:81,21,1,0
BRDA:81,22,0,1
BRDA:81,22,1,1
BRDA:81,22,2,0
BRF:49
BRH:32
end_of_record
TN:
SF:src\models\recipeModel.js
FN:3,(anonymous_0)
FN:14,(anonymous_1)
FN:27,(anonymous_2)
FN:32,(anonymous_3)
FN:45,(anonymous_4)
FN:49,(anonymous_5)
FN:72,(anonymous_6)
FNF:7
FNH:7
FNDA:36,(anonymous_0)
FNDA:10,(anonymous_1)
FNDA:24,(anonymous_2)
FNDA:7,(anonymous_3)
FNDA:14,(anonymous_4)
FNDA:42,(anonymous_5)
FNDA:7,(anonymous_6)
DA:4,36
DA:5,36
DA:6,36
DA:7,36
DA:8,36
DA:9,36
DA:10,36
DA:15,10
DA:28,24
DA:33,7
DA:46,14
DA:47,14
DA:49,14
DA:50,42
DA:51,11
DA:56,14
DA:57,2
DA:60,14
DA:61,1
DA:64,14
DA:65,1
DA:68,14
DA:73,7
DA:85,6
LF:24
LH:24
BRDA:3,0,0,1
BRDA:4,1,0,36
BRDA:4,1,1,17
BRDA:5,2,0,36
BRDA:5,2,1,5
BRDA:6,3,0,36
BRDA:6,3,1,20
BRDA:7,4,0,36
BRDA:7,4,1,1
BRDA:8,5,0,36
BRDA:8,5,1,1
BRDA:9,6,0,36
BRDA:9,6,1,28
BRDA:10,7,0,36
BRDA:10,7,1,28
BRDA:50,8,0,11
BRDA:50,8,1,31
BRDA:50,9,0,42
BRDA:50,9,1,38
BRDA:50,9,2,26
BRDA:56,10,0,2
BRDA:56,10,1,12
BRDA:56,11,0,14
BRDA:56,11,1,10
BRDA:60,12,0,1
BRDA:60,12,1,13
BRDA:60,13,0,14
BRDA:60,13,1,14
BRDA:64,14,0,1
BRDA:64,14,1,13
BRDA:64,15,0,14
BRDA:64,15,1,14
BRDA:76,16,0,7
BRDA:76,16,1,4
BRDA:77,17,0,6
BRDA:77,17,1,1
BRDA:78,18,0,7
BRDA:78,18,1,0
BRF:38
BRH:37
end_of_record
TN:
SF:src\repositories\recipeRepository.js
FN:6,(anonymous_0)
FN:9,(anonymous_1)
FN:21,(anonymous_2)
FN:38,(anonymous_3)
FN:56,(anonymous_4)
FN:73,(anonymous_5)
FN:82,(anonymous_6)
FN:88,(anonymous_7)
FN:95,(anonymous_8)
FNF:9
FNH:9
FNDA:3,(anonymous_0)
FNDA:2,(anonymous_1)
FNDA:8,(anonymous_2)
FNDA:3,(anonymous_3)
FNDA:3,(anonymous_4)
FNDA:3,(anonymous_5)
FNDA:9,(anonymous_6)
FNDA:27,(anonymous_7)
FNDA:30,(anonymous_8)
DA:1,4
DA:2,4
DA:7,3
DA:9,2
DA:11,2
DA:16,2
DA:22,8
DA:23,7
DA:24,2
DA:28,5
DA:34,5
DA:40,3
DA:41,3
DA:42,1
DA:45,2
DA:46,2
DA:52,1
DA:58,3
DA:59,3
DA:60,1
DA:63,2
DA:64,2
DA:69,1
DA:74,3
DA:75,3
DA:76,2
DA:78,2
DA:83,9
DA:84,9
DA:85,9
DA:88,9
DA:89,27
DA:90,9
DA:95,9
DA:96,30
DA:97,30
DA:98,30
DA:100,30
DA:101,1
DA:106,9
DA:110,4
LF:41
LH:41
BRDA:13,0,0,2
BRDA:13,0,1,0
BRDA:14,1,0,2
BRDA:14,1,1,0
BRDA:23,2,0,2
BRDA:23,2,1,5
BRDA:30,3,0,5
BRDA:30,3,1,0
BRDA:31,4,0,5
BRDA:31,4,1,0
BRDA:41,5,0,1
BRDA:41,5,1,2
BRDA:48,6,0,2
BRDA:48,6,1,0
BRDA:59,7,0,1
BRDA:59,7,1,2
BRDA:75,8,0,2
BRDA:75,8,1,1
BRDA:89,9,0,9
BRDA:89,9,1,18
BRDA:89,10,0,27
BRDA:89,10,1,24
BRDA:89,10,2,18
BRDA:96,11,0,30
BRDA:96,11,1,0
BRDA:96,12,0,30
BRDA:96,12,1,30
BRDA:96,12,2,30
BRDA:98,13,0,18
BRDA:98,13,1,12
BRDA:100,14,0,1
BRDA:100,14,1,29
BRDA:100,15,0,30
BRDA:100,15,1,12
BRF:34
BRH:28
end_of_record
TN:
SF:src\routes\recipeRoutes.js
FNF:0
FNH:0
DA:1,1
DA:2,1
DA:3,1
DA:4,1
DA:7,1
DA:10,1
DA:13,1
DA:16,1
DA:19,1
DA:21,1
LF:10
LH:10
BRF:0
BRH:0
end_of_record
TN:
SF:src\services\recipeService.js
FN:6,(anonymous_0)
FN:11,(anonymous_1)
FN:24,(anonymous_2)
FN:48,(anonymous_3)
FN:73,(anonymous_4)
FN:109,(anonymous_5)
FN:133,(anonymous_6)
FNF:7
FNH:7
FNDA:3,(anonymous_0)
FNDA:2,(anonymous_1)
FNDA:6,(anonymous_2)
FNDA:4,(anonymous_3)
FNDA:6,(anonymous_4)
FNDA:5,(anonymous_5)
FNDA:2,(anonymous_6)
DA:1,3
DA:2,3
DA:7,3
DA:8,3
DA:11,2
DA:13,2
DA:19,1
DA:25,6
DA:27,6
DA:28,3
DA:31,3
DA:33,2
DA:34,1
DA:37,1
DA:43,5
DA:49,4
DA:51,4
DA:52,4
DA:54,4
DA:55,2
DA:59,2
DA:60,2
DA:62,1
DA:68,3
DA:74,6
DA:76,6
DA:77,2
DA:81,4
DA:82,4
DA:83,1
DA:87,3
DA:88,3
DA:90,3
DA:91,1
DA:95,2
DA:96,2
DA:98,1
DA:104,5
DA:110,5
DA:112,5
DA:113,2
DA:116,3
DA:118,2
DA:119,1
DA:122,1
DA:128,4
DA:134,2
DA:136,2
DA:137,1
DA:140,2
DA:141,1
DA:144,2
DA:145,1
DA:149,2
DA:150,0
DA:153,2
DA:157,3
LF:57
LH:56
BRDA:27,0,0,3
BRDA:27,0,1,3
BRDA:27,1,0,6
BRDA:27,1,1,4
BRDA:33,2,0,1
BRDA:33,2,1,1
BRDA:54,3,0,2
BRDA:54,3,1,2
BRDA:76,4,0,2
BRDA:76,4,1,4
BRDA:76,5,0,6
BRDA:76,5,1,5
BRDA:82,6,0,1
BRDA:82,6,1,3
BRDA:90,7,0,1
BRDA:90,7,1,2
BRDA:112,8,0,2
BRDA:112,8,1,3
BRDA:112,9,0,5
BRDA:112,9,1,4
BRDA:118,10,0,1
BRDA:118,10,1,1
BRDA:136,11,0,1
BRDA:136,11,1,1
BRDA:136,12,0,2
BRDA:136,12,1,1
BRDA:140,13,0,1
BRDA:140,13,1,1
BRDA:140,14,0,2
BRDA:140,14,1,2
BRDA:140,14,2,2
BRDA:144,15,0,1
BRDA:144,15,1,1
BRDA:144,16,0,2
BRDA:144,16,1,2
BRDA:144,16,2,1
BRDA:149,17,0,0
BRDA:149,17,1,2
BRDA:149,18,0,2
BRDA:149,18,1,1
BRF:40
BRH:39
end_of_record
